This is pdfTeX, Version 3.14159265-2.6-1.40.21 (MiKTeX 20.6.29) (preloaded format=pdflatex 2020.8.3)  11 APR 2021 09:38
entering extended mode
**./book.tex
(book.tex
LaTeX2e <2020-02-02> patch level 5
L3 programming layer <2020-06-18>
("C:\Users\Joey Kilgore\AppData\Local\Programs\MiKTeX\tex/latex/base\book.cls"
Document Class: book 2019/12/20 v1.4l Standard LaTeX document class
("C:\Users\Joey Kilgore\AppData\Local\Programs\MiKTeX\tex/latex/base\bk12.clo"
File: bk12.clo 2019/12/20 v1.4l Standard LaTeX file (size option)
)
\c@part=\count167
\c@chapter=\count168
\c@section=\count169
\c@subsection=\count170
\c@subsubsection=\count171
\c@paragraph=\count172
\c@subparagraph=\count173
\c@figure=\count174
\c@table=\count175
\abovecaptionskip=\skip47
\belowcaptionskip=\skip48
\bibindent=\dimen134
)
("C:\Users\Joey Kilgore\AppData\Local\Programs\MiKTeX\tex/latex/marginnote\marg
innote.sty"
Package: marginnote 2018/08/09 v1.4b non floating margin notes for LaTeX
\c@mn@abspage=\count176
)
("C:\Users\Joey Kilgore\AppData\Local\Programs\MiKTeX\tex/latex/comment\comment
.sty"
\CommentStream=\write3
 Excluding comment 'comment')
("C:\Users\Joey Kilgore\AppData\Local\Programs\MiKTeX\tex/latex/graphics\graphi
cx.sty"
Package: graphicx 2019/11/30 v1.2a Enhanced LaTeX Graphics (DPC,SPQR)

("C:\Users\Joey Kilgore\AppData\Local\Programs\MiKTeX\tex/latex/graphics\keyval
.sty"
Package: keyval 2014/10/28 v1.15 key=value parser (DPC)
\KV@toks@=\toks15
)
("C:\Users\Joey Kilgore\AppData\Local\Programs\MiKTeX\tex/latex/graphics\graphi
cs.sty"
Package: graphics 2019/11/30 v1.4a Standard LaTeX Graphics (DPC,SPQR)

("C:\Users\Joey Kilgore\AppData\Local\Programs\MiKTeX\tex/latex/graphics\trig.s
ty"
Package: trig 2016/01/03 v1.10 sin cos tan (DPC)
)
("C:\Users\Joey Kilgore\AppData\Local\Programs\MiKTeX\tex/latex/graphics-cfg\gr
aphics.cfg"
File: graphics.cfg 2016/06/04 v1.11 sample graphics configuration
)
Package graphics Info: Driver file: pdftex.def on input line 105.

("C:\Users\Joey Kilgore\AppData\Local\Programs\MiKTeX\tex/latex/graphics-def\pd
ftex.def"
File: pdftex.def 2018/01/08 v1.0l Graphics/color driver for pdftex
))
\Gin@req@height=\dimen135
\Gin@req@width=\dimen136
)
("C:\Users\Joey Kilgore\AppData\Local\Programs\MiKTeX\tex/latex/l3backend\l3bac
kend-pdfmode.def"
File: l3backend-pdfmode.def 2020-06-29 L3 backend support: PDF mode
\l__kernel_color_stack_int=\count177
\l__pdf_internal_box=\box45
) (book.aux)
\openout1 = `book.aux'.

LaTeX Font Info:    Checking defaults for OML/cmm/m/it on input line 8.
LaTeX Font Info:    ... okay on input line 8.
LaTeX Font Info:    Checking defaults for OMS/cmsy/m/n on input line 8.
LaTeX Font Info:    ... okay on input line 8.
LaTeX Font Info:    Checking defaults for OT1/cmr/m/n on input line 8.
LaTeX Font Info:    ... okay on input line 8.
LaTeX Font Info:    Checking defaults for T1/cmr/m/n on input line 8.
LaTeX Font Info:    ... okay on input line 8.
LaTeX Font Info:    Checking defaults for TS1/cmr/m/n on input line 8.
LaTeX Font Info:    ... okay on input line 8.
LaTeX Font Info:    Checking defaults for OMX/cmex/m/n on input line 8.
LaTeX Font Info:    ... okay on input line 8.
LaTeX Font Info:    Checking defaults for U/cmr/m/n on input line 8.
LaTeX Font Info:    ... okay on input line 8.

("C:\Users\Joey Kilgore\AppData\Local\Programs\MiKTeX\tex/context/base/mkii\sup
p-pdf.mkii"
[Loading MPS to PDF converter (version 2006.09.02).]
\scratchcounter=\count178
\scratchdimen=\dimen137
\scratchbox=\box46
\nofMPsegments=\count179
\nofMParguments=\count180
\everyMPshowfont=\toks16
\MPscratchCnt=\count181
\MPscratchDim=\dimen138
\MPnumerator=\count182
\makeMPintoPDFobject=\count183
\everyMPtoPDFconversion=\toks17
)
("C:\Users\Joey Kilgore\AppData\Local\Programs\MiKTeX\tex/latex/epstopdf-pkg\ep
stopdf-base.sty"
Package: epstopdf-base 2020-01-24 v2.11 Base part for package epstopdf
Package epstopdf-base Info: Redefining graphics rule for `.eps' on input line 4
85.
)
LaTeX Font Info:    External font `cmex10' loaded for size
(Font)              <14.4> on input line 10.
LaTeX Font Info:    External font `cmex10' loaded for size
(Font)              <7> on input line 10.
 [1



{C:/Users/Joey Kilgore/AppData/Local/MiKTeX/pdftex/config/pdftex.map}] [2

] (book.toc
LaTeX Font Info:    External font `cmex10' loaded for size
(Font)              <12> on input line 2.
LaTeX Font Info:    External font `cmex10' loaded for size
(Font)              <8> on input line 2.
LaTeX Font Info:    External font `cmex10' loaded for size
(Font)              <6> on input line 2.
 [3])
\tf@toc=\write4
\openout4 = `book.toc'.

 [4]
Chapter 1.
LaTeX Font Info:    External font `cmex10' loaded for size
(Font)              <5> on input line 16.
[1


] [2] [3]
Package marginnote Info: Margin note 8.1 is on absolute page 8 on input line 37
.
Package marginnote Info: xpos seems to be 241.44238pt on input line 37.
 [4] [5] [6] [7] [8]
Chapter 2.
[9

] [10] [11]
Underfull \vbox (badness 10000) has occurred while \output is active []

 [12]
[13] [14]
Chapter 3.
[15

] [16] [17] [18] [19] [20]
Chapter 4.
[21

] [22] [23] [24] [25] [26] [27] [28] [29] [30] Excluding 'comment' comment.
[31] [32

]
Chapter 5.
[33] [34] [35]
<./figs/rorschach.jpg, id=133, 738.76pt x 483.8075pt>
File: ./figs/rorschach.jpg Graphic file (type jpg)
<use ./figs/rorschach.jpg>
Package pdftex.def Info: ./figs/rorschach.jpg  used on input line 484.
(pdftex.def)             Requested size: 390.0pt x 255.40538pt.
 [36] [37 <./figs/rorschach.jpg>] [38] [39] [40

]
Chapter 6.
<./figs/goodsamaritan.jpg, id=150, 770.88pt x 529.98pt>
File: ./figs/goodsamaritan.jpg Graphic file (type jpg)
<use ./figs/goodsamaritan.jpg>
Package pdftex.def Info: ./figs/goodsamaritan.jpg  used on input line 518.
(pdftex.def)             Requested size: 292.5pt x 201.08717pt.
[41 <./figs/goodsamaritan.jpg>] [42] [43] [44] [45] [46]
Chapter 7.
<./figs/richyoungman.jpg, id=170, 377.92569pt x 298.36238pt>
File: ./figs/richyoungman.jpg Graphic file (type jpg)
<use ./figs/richyoungman.jpg>
Package pdftex.def Info: ./figs/richyoungman.jpg  used on input line 637.
(pdftex.def)             Requested size: 390.0pt x 307.90852pt.
[47

 <./figs/richyoungman.jpg>] [48] [49] [50] [51] [52]
Chapter 8.
[53

] [54] [55]
<./figs/elephant.jpg, id=199, 1011.78pt x 749.80125pt>
File: ./figs/elephant.jpg Graphic file (type jpg)
<use ./figs/elephant.jpg>
Package pdftex.def Info: ./figs/elephant.jpg  used on input line 784.
(pdftex.def)             Requested size: 390.0pt x 289.02333pt.
 (book.bbl [56 <./figs/elephant.jpg>]
Underfull \hbox (badness 1424) in paragraph at lines 21--26
[]\OT1/cmr/m/n/12 Cameron C. McIn-tyre, An-drew G. Richard-son, War-ren M. Gril
l,
 []

) [57

] (book.aux) ) 
Here is how much of TeX's memory you used:
 1320 strings out of 480790
 20272 string characters out of 2893985
 262873 words of memory out of 3000000
 17351 multiletter control sequences out of 15000+200000
 538504 words of font info for 44 fonts, out of 3000000 for 9000
 1141 hyphenation exceptions out of 8191
 30i,8n,25p,2203b,254s stack positions out of 5000i,500n,10000p,200000b,50000s
<C:/Users/Joey Kilgore/AppData/Local/Programs/MiKTeX/fonts/type1/
public/amsfonts/cm/cmbx12.pfb><C:/Users/Joey Kilgore/AppData/Local/Programs/MiK
TeX/fonts/type1/public/amsfonts/cm/cmr10.pfb><C:/Users/Joey Kilgore/AppData/Loc
al/Programs/MiKTeX/fonts/type1/public/amsfonts/cm/cmr12.pfb><C:/Users/Joey Kilg
ore/AppData/Local/Programs/MiKTeX/fonts/type1/public/amsfonts/cm/cmr17.pfb><C:/
Users/Joey Kilgore/AppData/Local/Programs/MiKTeX/fonts/type1/public/amsfonts/cm
/cmr7.pfb><C:/Users/Joey Kilgore/AppData/Local/Programs/MiKTeX/fonts/type1/publ
ic/amsfonts/cm/cmr8.pfb><C:/Users/Joey Kilgore/AppData/Local/Programs/MiKTeX/fo
nts/type1/public/amsfonts/cm/cmsl12.pfb><C:/Users/Joey Kilgore/AppData/Local/Pr
ograms/MiKTeX/fonts/type1/public/amsfonts/cm/cmti12.pfb>
Output written on book.pdf (61 pages, 1052785 bytes).
PDF statistics:
 235 PDF objects out of 1000 (max. 8388607)
 0 named destinations out of 1000 (max. 500000)
 21 words of extra memory for PDF output out of 10000 (max. 10000000)

